[08/22/2022 13:15:04] Debug: Session id: 13447d4c-61a4-4777-b6b2-44dca8301aaa
[08/22/2022 13:15:04] Debug: Code Processor information: Name :SnowConvert, Version: 7.11.81.0
[08/22/2022 13:15:05] Debug: Getting license
[08/22/2022 13:15:05] Debug: License information
	Status: Failed
	Message: No active license available.
[08/22/2022 13:15:05] Info: Starting to validate parameters
[08/22/2022 13:15:05] Info: Parameters to validate: 
	Execution mode: Conversion
	LICENSE_KEY: a3372138-b87e-4a08-b929-3b48b24c63f1
[08/22/2022 13:15:05] Info: Validation of parameters: Success
[08/22/2022 13:15:05] Debug: Getting code descriptor
[08/22/2022 13:15:05] Debug: Code descriptor information
	Units: 51
	Units type: LOC
	All file bytes: 2141
	All found extensions: .sql,.dml,.ddl,.bteq,.btq,.fl,.fload,.ml,.mload,.mld,.tp,.tpump,.tpt
[08/22/2022 13:15:05] Debug: Calculating fingerprint
[08/22/2022 13:15:05] Debug: Fingerprint information Fingerprint(size=2141,projects=1)
[08/22/2022 13:15:05] Info: Starting to try to validate online license for execution
[08/22/2022 13:15:06] Debug: Getting license
[08/22/2022 13:15:06] Debug: License information
	Status: Failed
	Message: No active license available.
[08/22/2022 13:15:06] Debug: Starting the execution of the controller
[08/22/2022 13:15:08] Debug: Executing the worker: SnowConvert
[08/22/2022 13:15:28] Debug: Finished executing the worker: SnowConvert
[08/22/2022 13:15:30] Info: Controller execution ended
