[08/22/2022 13:15:08] Info: SourceLanguage set to Teradata based on the appsettings configuration.
[08/22/2022 13:15:08] Info: Starting to analyze the input path '/tmp/Repo-a91acec7-b824-4ee4-834c-b42df953617d/Sources'...
[08/22/2022 13:15:08] Info: Found 1 SQL files with a total size of 2.09KB
[08/22/2022 13:15:08] Info: Found 0 BTEQ files
[08/22/2022 13:15:08] Info: Found 0 FastLoad files
[08/22/2022 13:15:08] Info: Found 0 MultiLoad files
[08/22/2022 13:15:08] Info: Found 0 TPump files
[08/22/2022 13:15:08] Info: Found 0 TPT files
[08/22/2022 13:15:08] Info: No path specified for loading additional transformation rules
[08/22/2022 13:15:17] Info: Starting the parsing process of 1 file with 2.09KB of code, this might take a while...
[08/22/2022 13:15:17] Info: EFProcess 637967709176755046 started
[08/22/2022 13:15:17] Debug: TaskParam transformationVisitors = Value is not created.
[08/22/2022 13:15:17] Debug: TaskParam issueInventory = Mobilize.Snow.Assessment.IssueInventory
[08/22/2022 13:15:17] Debug: TaskParam totalLOC = 0
[08/22/2022 13:15:17] Debug: TaskParam assessmentSummaryInventory = Mobilize.Snow.Assessment.AssessmentSummaryInventory
[08/22/2022 13:15:17] Debug: TaskParam sourceLanguage = Teradata
[08/22/2022 13:15:17] Debug: TaskParam TaskConversionTime = Mobilize.Snow.Assessment.TaskConversionTimeSummary
[08/22/2022 13:15:17] Debug: TaskParam parsingProgressDescriptor = Mobilize.Common.Utils.Progress.SingleProgressDescriptor
[08/22/2022 13:15:17] Debug: TaskParam processingProgressDescriptor = Mobilize.Common.Utils.Progress.SingleProgressDescriptor
[08/22/2022 13:15:17] Debug: TaskParam parsedFilesCount = 0
[08/22/2022 13:15:17] Debug: TaskParam AssessmentManager = Mobilize.Snow.Assessment.AssessmentManager
[08/22/2022 13:15:17] Debug: TaskParam symbolTableProvider = Value is not created.
[08/22/2022 13:15:17] Debug: TaskParam ConversionBeginTask.Input = /tmp/Repo-a91acec7-b824-4ee4-834c-b42df953617d/Sources/input.wsp
[08/22/2022 13:15:17] Debug: TaskParam workingSet = Value is not created.
[08/22/2022 13:15:17] Debug: TaskParam ConversionBeginTask.ItemMedatada = Artinsoft.Common.Store.ItemMetadata
[08/22/2022 13:15:17] Debug: TaskParam ConversionBeginTask.Enabled = True
[08/22/2022 13:15:17] Debug: TaskParam Repository = Value is not created.
[08/22/2022 13:15:17] Debug: TaskParam RepositoryDirectory = /tmp/Output-a91acec7-b824-4ee4-834c-b42df953617d/.mobilize/CommonEF
[08/22/2022 13:15:17] Info: Step 1/7 - Loading Code: STARTED
[08/22/2022 13:15:20] Info: Step 1/7 - Loading Code: COMPLETED
[08/22/2022 13:15:20] Debug: TaskParam transformationVisitors = Value is not created.
[08/22/2022 13:15:20] Debug: TaskParam sourceLanguage = Teradata
[08/22/2022 13:15:20] Debug: TaskParam symbolTableProvider = Value is not created.
[08/22/2022 13:15:20] Debug: TaskParam TaskConversionTime = Mobilize.Snow.Assessment.TaskConversionTimeSummary
[08/22/2022 13:15:20] Debug: TaskParam SymbolTableFillingTask.Input = /tmp/Repo-a91acec7-b824-4ee4-834c-b42df953617d/Sources/input.wsp
[08/22/2022 13:15:20] Debug: TaskParam workingSet = Artinsoft.Common.Store.RepositoryWorkingSet`2[System.String,Artinsoft.Common.Store.IItemContainer]
[08/22/2022 13:15:20] Debug: TaskParam SymbolTableFillingTask.ItemMedatada = Artinsoft.Common.Store.ItemMetadata
[08/22/2022 13:15:20] Debug: TaskParam SymbolTableFillingTask.Enabled = True
[08/22/2022 13:15:20] Debug: TaskParam Repository = Artinsoft.Common.Store.Repository
[08/22/2022 13:15:20] Debug: TaskParam RepositoryDirectory = /tmp/Output-a91acec7-b824-4ee4-834c-b42df953617d/.mobilize/CommonEF
[08/22/2022 13:15:20] Info: Step 2/7 - Semantic Analysis of Tables: STARTED
[08/22/2022 13:15:24] Info: Step 2/7 - Semantic Analysis of Tables: COMPLETED
[08/22/2022 13:15:24] Debug: TaskParam transformationVisitors = Artinsoft.Common.Tools.Transform.TransformationVisitors
[08/22/2022 13:15:24] Debug: TaskParam sourceLanguage = Teradata
[08/22/2022 13:15:24] Debug: TaskParam symbolTableProvider = Mobilize.Snow.Common.SymbolTableProvider
[08/22/2022 13:15:24] Debug: TaskParam TaskConversionTime = Mobilize.Snow.Assessment.TaskConversionTimeSummary
[08/22/2022 13:15:24] Debug: TaskParam SymbolTableFillingSecondTask.Input = /tmp/Repo-a91acec7-b824-4ee4-834c-b42df953617d/Sources/input.wsp
[08/22/2022 13:15:24] Debug: TaskParam workingSet = Artinsoft.Common.Store.RepositoryWorkingSet`2[System.String,Artinsoft.Common.Store.IItemContainer]
[08/22/2022 13:15:24] Debug: TaskParam SymbolTableFillingSecondTask.ItemMedatada = Artinsoft.Common.Store.ItemMetadata
[08/22/2022 13:15:24] Debug: TaskParam SymbolTableFillingSecondTask.Enabled = True
[08/22/2022 13:15:24] Debug: TaskParam Repository = Artinsoft.Common.Store.Repository
[08/22/2022 13:15:24] Debug: TaskParam RepositoryDirectory = /tmp/Output-a91acec7-b824-4ee4-834c-b42df953617d/.mobilize/CommonEF
[08/22/2022 13:15:24] Info: Step 3/7 - Semantic Analysis of Top Level Objects: STARTED
[08/22/2022 13:15:24] Info: Step 3/7 - Semantic Analysis of Top Level Objects: COMPLETED
[08/22/2022 13:15:24] Debug: TaskParam inputPath = /tmp/Repo-a91acec7-b824-4ee4-834c-b42df953617d/Sources
[08/22/2022 13:15:24] Debug: TaskParam transformationVisitors = Artinsoft.Common.Tools.Transform.TransformationVisitors
[08/22/2022 13:15:24] Debug: TaskParam symbolTableProvider = Mobilize.Snow.Common.SymbolTableProvider
[08/22/2022 13:15:24] Debug: TaskParam FunctionDependenciesGraphs = 
[08/22/2022 13:15:24] Debug: TaskParam sourceLanguage = Teradata
[08/22/2022 13:15:24] Debug: TaskParam TaskConversionTime = Mobilize.Snow.Assessment.TaskConversionTimeSummary
[08/22/2022 13:15:24] Debug: TaskParam DependenciesExtractorTask.Input = /tmp/Repo-a91acec7-b824-4ee4-834c-b42df953617d/Sources/input.wsp
[08/22/2022 13:15:24] Debug: TaskParam workingSet = Artinsoft.Common.Store.RepositoryWorkingSet`2[System.String,Artinsoft.Common.Store.IItemContainer]
[08/22/2022 13:15:24] Debug: TaskParam DependenciesExtractorTask.ItemMedatada = Artinsoft.Common.Store.ItemMetadata
[08/22/2022 13:15:24] Debug: TaskParam DependenciesExtractorTask.Enabled = True
[08/22/2022 13:15:24] Debug: TaskParam Repository = Artinsoft.Common.Store.Repository
[08/22/2022 13:15:24] Debug: TaskParam RepositoryDirectory = /tmp/Output-a91acec7-b824-4ee4-834c-b42df953617d/.mobilize/CommonEF
[08/22/2022 13:15:24] Info: Step 4/7 - Analysis of object dependencies: STARTED
[08/22/2022 13:15:24] Info: Step 4/7 - Analysis of object dependencies: COMPLETED
[08/22/2022 13:15:24] Debug: TaskParam transformationVisitors = Artinsoft.Common.Tools.Transform.TransformationVisitors
[08/22/2022 13:15:24] Debug: TaskParam sourceLanguage = Teradata
[08/22/2022 13:15:24] Debug: TaskParam TaskConversionTime = Mobilize.Snow.Assessment.TaskConversionTimeSummary
[08/22/2022 13:15:24] Debug: TaskParam symbolTableProvider = Mobilize.Snow.Common.SymbolTableProvider
[08/22/2022 13:15:24] Debug: TaskParam userDefinedFunctionTargetTransformation = 
[08/22/2022 13:15:24] Debug: TaskParam SnowScript = False
[08/22/2022 13:15:24] Debug: TaskParam DependenciesGraphs = [/tmp/Repo-a91acec7-b824-4ee4-834c-b42df953617d/Sources/CLI_T12/Source_Code.sql, Mobilize.Snow.Common.Utils.Graph.DirectedGraph]
[08/22/2022 13:15:24] Debug: TaskParam PreProcessTask.Input = /tmp/Repo-a91acec7-b824-4ee4-834c-b42df953617d/Sources/input.wsp
[08/22/2022 13:15:24] Debug: TaskParam workingSet = Artinsoft.Common.Store.RepositoryWorkingSet`2[System.String,Artinsoft.Common.Store.IItemContainer]
[08/22/2022 13:15:24] Debug: TaskParam PreProcessTask.ItemMedatada = Artinsoft.Common.Store.ItemMetadata
[08/22/2022 13:15:24] Debug: TaskParam PreProcessTask.Enabled = True
[08/22/2022 13:15:24] Debug: TaskParam Repository = Artinsoft.Common.Store.Repository
[08/22/2022 13:15:24] Debug: TaskParam RepositoryDirectory = /tmp/Output-a91acec7-b824-4ee4-834c-b42df953617d/.mobilize/CommonEF
[08/22/2022 13:15:24] Info: Step 5/7 - Pre-Processing: STARTED
[08/22/2022 13:15:25] Info: Step 5/7 - Pre-Processing: COMPLETED
[08/22/2022 13:15:25] Debug: TaskParam transformationVisitors = Artinsoft.Common.Tools.Transform.TransformationVisitors
[08/22/2022 13:15:25] Debug: TaskParam sourceLanguage = Teradata
[08/22/2022 13:15:25] Debug: TaskParam TaskConversionTime = Mobilize.Snow.Assessment.TaskConversionTimeSummary
[08/22/2022 13:15:25] Debug: TaskParam symbolTableProvider = Mobilize.Snow.Common.SymbolTableProvider
[08/22/2022 13:15:25] Debug: TaskParam preConversionAssessmentStorage = Mobilize.Snow.Assessment.PreConversionAssessmentStorage
[08/22/2022 13:15:25] Debug: TaskParam userDefinedFunctionTargetTransformation = 
[08/22/2022 13:15:25] Debug: TaskParam executeT12AssessmentMode = False
[08/22/2022 13:15:25] Debug: TaskParam PreConversionAssessmentTask.Input = /tmp/Repo-a91acec7-b824-4ee4-834c-b42df953617d/Sources/input.wsp
[08/22/2022 13:15:25] Debug: TaskParam workingSet = Artinsoft.Common.Store.RepositoryWorkingSet`2[System.String,Artinsoft.Common.Store.IItemContainer]
[08/22/2022 13:15:25] Debug: TaskParam PreConversionAssessmentTask.ItemMedatada = Artinsoft.Common.Store.ItemMetadata
[08/22/2022 13:15:25] Debug: TaskParam PreConversionAssessmentTask.Enabled = True
[08/22/2022 13:15:25] Debug: TaskParam Repository = Artinsoft.Common.Store.Repository
[08/22/2022 13:15:25] Debug: TaskParam RepositoryDirectory = /tmp/Output-a91acec7-b824-4ee4-834c-b42df953617d/.mobilize/CommonEF
[08/22/2022 13:15:25] Debug: TaskParam transformationVisitors = Artinsoft.Common.Tools.Transform.TransformationVisitors
[08/22/2022 13:15:25] Debug: TaskParam sourceLanguage = Teradata
[08/22/2022 13:15:25] Debug: TaskParam LineageInventory = Mobilize.Snow.Assessment.LineageInventory
[08/22/2022 13:15:25] Debug: TaskParam reportPath = /tmp/Output-a91acec7-b824-4ee4-834c-b42df953617d/Reports
[08/22/2022 13:15:25] Debug: TaskParam SessionTimestamp = 20220822.131508
[08/22/2022 13:15:25] Debug: TaskParam codeModelWriter = Mobilize.Common.AssessmentModel.Writer.CodeModelWriter
[08/22/2022 13:15:25] Debug: TaskParam symbolTableProvider = Mobilize.Snow.Common.SymbolTableProvider
[08/22/2022 13:15:25] Debug: TaskParam ExecuteOracleLineage = False
[08/22/2022 13:15:25] Debug: TaskParam LineageTask.Input = /tmp/Repo-a91acec7-b824-4ee4-834c-b42df953617d/Sources/input.wsp
[08/22/2022 13:15:25] Debug: TaskParam workingSet = Artinsoft.Common.Store.RepositoryWorkingSet`2[System.String,Artinsoft.Common.Store.IItemContainer]
[08/22/2022 13:15:25] Debug: TaskParam LineageTask.ItemMedatada = Artinsoft.Common.Store.ItemMetadata
[08/22/2022 13:15:25] Debug: TaskParam LineageTask.Enabled = True
[08/22/2022 13:15:25] Debug: TaskParam Repository = Artinsoft.Common.Store.Repository
[08/22/2022 13:15:25] Debug: TaskParam RepositoryDirectory = /tmp/Output-a91acec7-b824-4ee4-834c-b42df953617d/.mobilize/CommonEF
[08/22/2022 13:15:25] Debug: TaskParam assessmentSummaryInventory = Mobilize.Snow.Assessment.AssessmentSummaryInventory
[08/22/2022 13:15:25] Debug: TaskParam CustomDatabaseName = 
[08/22/2022 13:15:25] Debug: TaskParam CustomSchemaName = PUBLIC
[08/22/2022 13:15:25] Debug: TaskParam castTransformationObject = Mobilize.Snow.Common.T12.CastTransformationObject
[08/22/2022 13:15:25] Debug: TaskParam commentIfMissingDependencies = False
[08/22/2022 13:15:25] Debug: TaskParam DependenciesGraphs = [/tmp/Repo-a91acec7-b824-4ee4-834c-b42df953617d/Sources/CLI_T12/Source_Code.sql, Mobilize.Snow.Common.Utils.Graph.DirectedGraph]
[08/22/2022 13:15:25] Debug: TaskParam FunctionDependenciesGraphs = [/tmp/Repo-a91acec7-b824-4ee4-834c-b42df953617d/Sources/CLI_T12/Source_Code.sql, Mobilize.Snow.Common.Utils.Graph.FunctionDependenciesGraph]
[08/22/2022 13:15:25] Debug: TaskParam detailsInventory = Mobilize.Snow.Assessment.DetailsInventory
[08/22/2022 13:15:25] Debug: TaskParam unsupportedInventory = Mobilize.Snow.Assessment.UnsupportedInventory
[08/22/2022 13:15:25] Debug: TaskParam inputPath = /tmp/Repo-a91acec7-b824-4ee4-834c-b42df953617d/Sources
[08/22/2022 13:15:25] Debug: TaskParam inventory = Mobilize.Snow.Assessment.SqlObjectsInventory
[08/22/2022 13:15:25] Debug: TaskParam issueInventory = Mobilize.Snow.Assessment.IssueInventory
[08/22/2022 13:15:25] Debug: TaskParam Mappings = Mobilize.Snow.ConversionTool.Mapper.SnowFlakeMappingsContainer
[08/22/2022 13:15:25] Debug: TaskParam outputPath = /tmp/Output-a91acec7-b824-4ee4-834c-b42df953617d/Output
[08/22/2022 13:15:25] Debug: TaskParam symbolTableProvider = Mobilize.Snow.Common.SymbolTableProvider
[08/22/2022 13:15:25] Debug: TaskParam transformationVisitors = Artinsoft.Common.Tools.Transform.TransformationVisitors
[08/22/2022 13:15:25] Debug: TaskParam sourceLanguage = Teradata
[08/22/2022 13:15:25] Debug: TaskParam TaskConversionTime = Mobilize.Snow.Assessment.TaskConversionTimeSummary
[08/22/2022 13:15:25] Debug: TaskParam AssessmentManager = Mobilize.Snow.Assessment.AssessmentManager
[08/22/2022 13:15:25] Debug: TaskParam stubManager = Mobilize.Snow.Common.Utils.StubGenerationManager
[08/22/2022 13:15:25] Debug: TaskParam UDFManager = Mobilize.Snow.Common.UdfManager
[08/22/2022 13:15:25] Debug: TaskParam DbObjectFilesManager = Mobilize.Snow.Common.DatabaseObjectFilesManager
[08/22/2022 13:15:25] Debug: TaskParam DisableSynonym = False
[08/22/2022 13:15:25] Debug: TaskParam DisablePackagesAsSchemas = False
[08/22/2022 13:15:25] Debug: TaskParam SysdateAsCurrentTimestamp = False
[08/22/2022 13:15:25] Debug: TaskParam codeModelWriter = Mobilize.Common.AssessmentModel.Writer.CodeModelWriter
[08/22/2022 13:15:25] Debug: TaskParam ReplaceDeleteAllToTruncate = False
[08/22/2022 13:15:25] Debug: TaskParam useDatabase = False
[08/22/2022 13:15:25] Debug: TaskParam userDefinedFunctionTargetTransformation = 
[08/22/2022 13:15:25] Debug: TaskParam SnowScript = False
[08/22/2022 13:15:25] Debug: TaskParam executeT12AssessmentMode = False
[08/22/2022 13:15:25] Debug: TaskParam processingProgressDescriptor = Mobilize.Common.Utils.Progress.SingleProgressDescriptor
[08/22/2022 13:15:25] Debug: TaskParam ExecutionModeValue = Conversion
[08/22/2022 13:15:25] Debug: TaskParam inputInfo = Mobilize.Snow.ConversionTool.Tasks.T12InputFilesInfo
[08/22/2022 13:15:25] Debug: TaskParam TransformationsTask.Input = /tmp/Repo-a91acec7-b824-4ee4-834c-b42df953617d/Sources/input.wsp
[08/22/2022 13:15:25] Debug: TaskParam workingSet = Artinsoft.Common.Store.RepositoryWorkingSet`2[System.String,Artinsoft.Common.Store.IItemContainer]
[08/22/2022 13:15:25] Debug: TaskParam TransformationsTask.ItemMedatada = Artinsoft.Common.Store.ItemMetadata
[08/22/2022 13:15:25] Debug: TaskParam TransformationsTask.Enabled = True
[08/22/2022 13:15:25] Debug: TaskParam Repository = Artinsoft.Common.Store.Repository
[08/22/2022 13:15:25] Debug: TaskParam RepositoryDirectory = /tmp/Output-a91acec7-b824-4ee4-834c-b42df953617d/.mobilize/CommonEF
[08/22/2022 13:15:25] Info: Step 6/7 - Conversion Execution: STARTED
[08/22/2022 13:15:25] Info: Start transforming file Source_Code.sql
[08/22/2022 13:15:25] Info: Transformed file Source_Code.sql
[08/22/2022 13:15:25] Info: Step 6/7 - Conversion Execution: COMPLETED
[08/22/2022 13:15:25] Debug: TaskParam CustomSchemaName = PUBLIC
[08/22/2022 13:15:25] Debug: TaskParam initialTime = 08/22/2022 13:15:08
[08/22/2022 13:15:25] Debug: TaskParam coverage = 0
[08/22/2022 13:15:25] Debug: TaskParam inventory = Mobilize.Snow.Assessment.SqlObjectsInventory
[08/22/2022 13:15:25] Debug: TaskParam unsupportedInventory = Mobilize.Snow.Assessment.UnsupportedInventory
[08/22/2022 13:15:25] Debug: TaskParam issueInventory = Mobilize.Snow.Assessment.IssueInventory
[08/22/2022 13:15:25] Debug: TaskParam detailsInventory = Mobilize.Snow.Assessment.DetailsInventory
[08/22/2022 13:15:25] Debug: TaskParam assessmentSummaryInventory = Mobilize.Snow.Assessment.AssessmentSummaryInventory
[08/22/2022 13:15:25] Debug: TaskParam SnowScript = False
[08/22/2022 13:15:25] Debug: TaskParam reportPath = /tmp/Output-a91acec7-b824-4ee4-834c-b42df953617d/Reports
[08/22/2022 13:15:25] Debug: TaskParam totalLOC = 41
[08/22/2022 13:15:25] Debug: TaskParam totalProcessedLOC = 0
[08/22/2022 13:15:25] Debug: TaskParam inputInfo = Mobilize.Snow.ConversionTool.Tasks.T12InputFilesInfo
[08/22/2022 13:15:25] Debug: TaskParam inputPath = /tmp/Repo-a91acec7-b824-4ee4-834c-b42df953617d/Sources
[08/22/2022 13:15:25] Debug: TaskParam SessionTimestamp = 20220822.131508
[08/22/2022 13:15:25] Debug: TaskParam snowConfiguration = Mobilize.BDS.Converter.SnowConvert.Configuration.SnowCodeProcessorConfiguration
[08/22/2022 13:15:25] Debug: TaskParam TaskConversionTime = Mobilize.Snow.Assessment.TaskConversionTimeSummary
[08/22/2022 13:15:25] Debug: TaskParam outputPath = /tmp/Output-a91acec7-b824-4ee4-834c-b42df953617d/Output
[08/22/2022 13:15:25] Debug: TaskParam stubManager = Mobilize.Snow.Common.Utils.StubGenerationManager
[08/22/2022 13:15:25] Debug: TaskParam UDFManager = Mobilize.Snow.Common.UdfManager
[08/22/2022 13:15:25] Debug: TaskParam DashboardMode = False
[08/22/2022 13:15:25] Debug: TaskParam sourceLanguage = Teradata
[08/22/2022 13:15:25] Debug: TaskParam AssessmentManager = Mobilize.Snow.Assessment.AssessmentManager
[08/22/2022 13:15:25] Debug: TaskParam writeResultsProgressDescriptor = Mobilize.Common.Utils.Progress.SingleProgressDescriptor
[08/22/2022 13:15:25] Debug: TaskParam snowExecutionResult = Mobilize.Snow.Configuration.Models.SnowExecutionResult
[08/22/2022 13:15:25] Debug: TaskParam parsedFilesCount = 1
[08/22/2022 13:15:25] Debug: TaskParam executeT12AssessmentMode = False
[08/22/2022 13:15:25] Debug: TaskParam assessmentConfiguration = Mobilize.Snow.Common.AssessmentMode.TdAssessmentConfig
[08/22/2022 13:15:25] Debug: TaskParam ExecutionModeValue = Conversion
[08/22/2022 13:15:25] Debug: TaskParam ConversionEndTask.Input = /tmp/Repo-a91acec7-b824-4ee4-834c-b42df953617d/Sources/input.wsp
[08/22/2022 13:15:25] Debug: TaskParam workingSet = Artinsoft.Common.Store.RepositoryWorkingSet`2[System.String,Artinsoft.Common.Store.IItemContainer]
[08/22/2022 13:15:25] Debug: TaskParam ConversionEndTask.ItemMedatada = Artinsoft.Common.Store.ItemMetadata
[08/22/2022 13:15:25] Debug: TaskParam ConversionEndTask.Enabled = True
[08/22/2022 13:15:25] Debug: TaskParam Repository = Artinsoft.Common.Store.Repository
[08/22/2022 13:15:25] Debug: TaskParam RepositoryDirectory = /tmp/Output-a91acec7-b824-4ee4-834c-b42df953617d/.mobilize/CommonEF
[08/22/2022 13:15:25] Info: Step 7/7 - Stats and Reports: STARTED
[08/22/2022 13:15:25] Info: 
	==============================================================================
	SnowConvert assessment execution summary
	 - Files: 1
	 - Files Not Generated: 0
	 - Total lines of code: 41
	 - Automatically converted: 95%
	 - Conversion time: 00:00:17
	 - Conversion speed: 2 lines of code per second
	See the report files for more details about the conversion status.
	==============================================================================

[08/22/2022 13:15:25] Info: 
	==============================================================================
	LICENSE
	SnowConvert Tool.
	Production use or redistribution of tool or its output is strictly prohibited.
	Copyright (c) Mobilize.Net Corporation, 2021.
	For more License Terms and Conditions run SnowConvert with --terms.
	==============================================================================

[08/22/2022 13:15:26] Info: Writing the assessment reports
[08/22/2022 13:15:27] Info: Step 7/7 - Stats and Reports: COMPLETED
[08/22/2022 13:15:27] Info: EFProcess 637967709176755046 ended. Excecution time: 00:00:10.2985832
